<?xml version="1.0" encoding="UTF-8"?>
<!-- Generated by org.testng.reporters.JUnitXMLReporter -->
<testsuite ignored="0" hostname="LAPTOP-0FSG5U65" failures="1" tests="1" name="Default test" time="11.471" errors="0" timestamp="2025-03-22T09:54:56 IST">
  <testcase classname="io.cucumber.testng.AbstractTestNGCucumberTests" name="runScenario" time="10.427">
    <failure type="java.lang.Error" message="Unresolved compilation problem: 
	The method assertEquals(String, String, String) is undefined for the type Assert
">
      <![CDATA[java.lang.Error: Unresolved compilation problem: 
The method assertEquals(String, String, String) is undefined for the type Assert

at stepDefination.RegistraionSteps.user_should_see_the_registration_success_message(RegistraionSteps.java:89)
at ✽.user should see the registration success message(file:///C:/Users/kumar/eclipse-workspace/Cucumber_Demo/Features/Registration.feature:15)
]]>
    </failure>
  </testcase> <!-- runScenario -->
</testsuite> <!-- Default test -->
