<?xml version="1.0" encoding="UTF-8"?>
<testsuite xmlns:xsi="http://www.w3.org/2001/XMLSchema-instance" xsi:noNamespaceSchemaLocation="https://maven.apache.org/surefire/maven-surefire-plugin/xsd/surefire-test-report-3.0.xsd" version="3.0" name="TestRunner.Run" time="5.564" tests="1" errors="0" skipped="0" failures="0">
  <properties>
[...]
</properties>
  <testcase name="Successful Registration DDT" classname="User Registration" time="4.883">
    <system-out><![CDATA[
Scenario: Successful Registration DDT                    # Features/Registration.feature:3
before step method executed
  Given the user launches Chrome browser                 # stepDefination.RegistraionSteps.the_user_launches_chrome_browser()
After step method executed
before step method executed
  When user opens URL "https://tutorialsninja.com/demo/" # stepDefination.RegistraionSteps.user_open_url(java.lang.String)
After step method executed
before step method executed
  And user clicks on Register                            # stepDefination.RegistraionSteps.user_clicks_on_register()
After step method executed
before step method executed
  And user enters First Name "kumar"                     # stepDefination.RegistraionSteps.user_enters_first_name(java.lang.String)
After step method executed
before step method executed
  And user enters Last Name "rohit"                      # stepDefination.RegistraionSteps.user_enters_last_name(java.lang.String)
After step method executed
before step method executed
  And user enters Email "<email>"                        # stepDefination.RegistraionSteps.user_enters_email(java.lang.String)
After step method executed
before step method executed
  And user enters Mobile Number "9853112233"             # stepDefination.RegistraionSteps.user_enters_mobile_number(java.lang.String)
After step method executed
before step method executed
  And user enters Password "rohit123"                    # stepDefination.RegistraionSteps.user_enters_password(java.lang.String)
After step method executed
before step method executed
  And user enters Confirm Password "rohit123"            # stepDefination.RegistraionSteps.user_enters_confirm_password(java.lang.String)
After step method executed
before step method executed
  And user checks the checkbox                           # stepDefination.RegistraionSteps.user_checks_the_checkbox()
After step method executed
before step method executed
  And user clicks on Continue                            # stepDefination.RegistraionSteps.user_clicks_on_continue()
After step method executed
before step method executed
  Then user should see the registration success message  # stepDefination.RegistraionSteps.user_should_see_the_registration_success_message()
After step method executed
before step method executed
  And user closes the browser                            # stepDefination.RegistraionSteps.user_closes_the_browser()
After step method executed
after method executed
]]></system-out>
    <system-err><![CDATA[[main] INFO io.github.bonigarcia.wdm.WebDriverManager - Using chromedriver 134.0.6998.88 (resolved driver for Chrome 134)
[main] INFO io.github.bonigarcia.wdm.WebDriverManager - Exporting webdriver.chrome.driver as C:\Users\kumar\.cache\selenium\chromedriver\win64\134.0.6998.88\chromedriver.exe
Mar 18, 2025 10:00:36 AM org.openqa.selenium.devtools.CdpVersionFinder findNearestMatch
WARNING: Unable to find CDP implementation matching 134
Mar 18, 2025 10:00:36 AM org.openqa.selenium.chromium.ChromiumDriver lambda$new$5
WARNING: Unable to find version of CDP to use for 134.0.6998.89. You may need to include a dependency on a specific version of the CDP using something similar to `org.seleniumhq.selenium:selenium-devtools-v86:4.20.0` where the version ("v86") matches the version of the chromium-based browser you're using and the version number of the artifact is the same as Selenium's.
]]></system-err>
  </testcase>
</testsuite>