<?xml version="1.0" encoding="UTF-8"?>
<testng-results ignored="0" total="1" passed="1" failed="0" skipped="0">
  <reporter-output>
  </reporter-output>
  <suite started-at="2025-03-24T09:07:19 IST" name="Cucumber Test Suite" finished-at="2025-03-24T09:07:27 IST" duration-ms="7662">
    <groups>
      <group name="cucumber">
        <method signature="AbstractTestNGCucumberTests.runScenario(io.cucumber.testng.PickleWrapper,io.cucumber.testng.FeatureWrapper)[pri:0, instance:TestRunner.Run@152aa092]" name="runScenario" class="io.cucumber.testng.AbstractTestNGCucumberTests"/>
      </group> <!-- cucumber -->
    </groups>
    <test started-at="2025-03-24T09:07:19 IST" name="Cucumber Tests" finished-at="2025-03-24T09:07:27 IST" duration-ms="7662">
      <class name="TestRunner.Run">
        <test-method is-config="true" signature="setUpClass(org.testng.ITestContext)[pri:0, instance:TestRunner.Run@152aa092]" started-at="2025-03-24T09:07:19 IST" name="setUpClass" finished-at="2025-03-24T09:07:20 IST" duration-ms="426" status="PASS">
          <params>
            <param index="0">
              <value>
                <![CDATA[org.testng.TestRunner@6ec63f8]]>
              </value>
            </param>
          </params>
          <reporter-output>
          </reporter-output>
        </test-method> <!-- setUpClass -->
        <test-method signature="runScenario(io.cucumber.testng.PickleWrapper,io.cucumber.testng.FeatureWrapper)[pri:0, instance:TestRunner.Run@152aa092]" started-at="2025-03-24T09:07:20 IST" name="runScenario" description="Runs Cucumber Scenarios" data-provider="scenarios" finished-at="2025-03-24T09:07:26 IST" duration-ms="6832" status="PASS">
          <params>
            <param index="0">
              <value>
                <![CDATA["Successful Registration DDT"]]>
              </value>
            </param>
            <param index="1">
              <value>
                <![CDATA["User Registration"]]>
              </value>
            </param>
          </params>
          <reporter-output>
          </reporter-output>
        </test-method> <!-- runScenario -->
        <test-method is-config="true" signature="tearDownClass()[pri:0, instance:TestRunner.Run@152aa092]" started-at="2025-03-24T09:07:26 IST" name="tearDownClass" finished-at="2025-03-24T09:07:27 IST" duration-ms="352" status="PASS">
          <reporter-output>
          </reporter-output>
        </test-method> <!-- tearDownClass -->
      </class> <!-- TestRunner.Run -->
    </test> <!-- Cucumber Tests -->
  </suite> <!-- Cucumber Test Suite -->
</testng-results>
